INFO - 2023-10-01 06:25:26 --> Session: Class initialized using 'CodeIgniter\Session\Handlers\FileHandler' driver.
INFO - 2023-10-01 06:25:27 --> Session: Class initialized using 'CodeIgniter\Session\Handlers\FileHandler' driver.
INFO - 2023-10-01 06:25:30 --> Session: Class initialized using 'CodeIgniter\Session\Handlers\FileHandler' driver.
INFO - 2023-10-01 06:27:33 --> Session: Class initialized using 'CodeIgniter\Session\Handlers\FileHandler' driver.
INFO - 2023-10-01 06:27:34 --> Session: Class initialized using 'CodeIgniter\Session\Handlers\FileHandler' driver.
INFO - 2023-10-01 06:29:11 --> Session: Class initialized using 'CodeIgniter\Session\Handlers\FileHandler' driver.
INFO - 2023-10-01 06:29:12 --> Session: Class initialized using 'CodeIgniter\Session\Handlers\FileHandler' driver.
INFO - 2023-10-01 06:30:32 --> Session: Class initialized using 'CodeIgniter\Session\Handlers\FileHandler' driver.
INFO - 2023-10-01 06:30:32 --> Session: Class initialized using 'CodeIgniter\Session\Handlers\FileHandler' driver.
INFO - 2023-10-01 06:30:47 --> Session: Class initialized using 'CodeIgniter\Session\Handlers\FileHandler' driver.
INFO - 2023-10-01 06:30:47 --> Session: Class initialized using 'CodeIgniter\Session\Handlers\FileHandler' driver.
INFO - 2023-10-01 07:07:59 --> Session: Class initialized using 'CodeIgniter\Session\Handlers\FileHandler' driver.
INFO - 2023-10-01 07:08:01 --> Session: Class initialized using 'CodeIgniter\Session\Handlers\FileHandler' driver.
INFO - 2023-10-01 07:08:02 --> Session: Class initialized using 'CodeIgniter\Session\Handlers\FileHandler' driver.
CRITICAL - 2023-10-01 07:08:02 --> Call to undefined method App\Models\Msuser::getOne
in SYSTEMPATH\Model.php on line 838.
 1 APPPATH\Controllers\Administrator\User.php(54): CodeIgniter\Model->__call('getOne', [...])
 2 SYSTEMPATH\CodeIgniter.php(932): App\Controllers\Administrator\User->forms()
 3 SYSTEMPATH\CodeIgniter.php(497): CodeIgniter\CodeIgniter->runController(Object(App\Controllers\Administrator\User))
 4 SYSTEMPATH\CodeIgniter.php(366): CodeIgniter\CodeIgniter->handleRequest(null, Object(Config\Cache), false)
 5 FCPATH\index.php(67): CodeIgniter\CodeIgniter->run()
INFO - 2023-10-01 07:09:47 --> Session: Class initialized using 'CodeIgniter\Session\Handlers\FileHandler' driver.
INFO - 2023-10-01 07:09:47 --> Session: Class initialized using 'CodeIgniter\Session\Handlers\FileHandler' driver.
INFO - 2023-10-01 07:09:49 --> Session: Class initialized using 'CodeIgniter\Session\Handlers\FileHandler' driver.
INFO - 2023-10-01 07:09:52 --> Session: Class initialized using 'CodeIgniter\Session\Handlers\FileHandler' driver.
INFO - 2023-10-01 07:09:55 --> Session: Class initialized using 'CodeIgniter\Session\Handlers\FileHandler' driver.
INFO - 2023-10-01 07:09:57 --> Session: Class initialized using 'CodeIgniter\Session\Handlers\FileHandler' driver.
INFO - 2023-10-01 07:09:58 --> Session: Class initialized using 'CodeIgniter\Session\Handlers\FileHandler' driver.
INFO - 2023-10-01 07:09:59 --> Session: Class initialized using 'CodeIgniter\Session\Handlers\FileHandler' driver.
INFO - 2023-10-01 07:10:00 --> Session: Class initialized using 'CodeIgniter\Session\Handlers\FileHandler' driver.
INFO - 2023-10-01 07:10:04 --> Session: Class initialized using 'CodeIgniter\Session\Handlers\FileHandler' driver.
INFO - 2023-10-01 07:10:04 --> Session: Class initialized using 'CodeIgniter\Session\Handlers\FileHandler' driver.
INFO - 2023-10-01 07:10:06 --> Session: Class initialized using 'CodeIgniter\Session\Handlers\FileHandler' driver.
INFO - 2023-10-01 07:10:27 --> Session: Class initialized using 'CodeIgniter\Session\Handlers\FileHandler' driver.
INFO - 2023-10-01 07:14:04 --> Session: Class initialized using 'CodeIgniter\Session\Handlers\FileHandler' driver.
INFO - 2023-10-01 07:14:05 --> Session: Class initialized using 'CodeIgniter\Session\Handlers\FileHandler' driver.
INFO - 2023-10-01 07:14:06 --> Session: Class initialized using 'CodeIgniter\Session\Handlers\FileHandler' driver.
INFO - 2023-10-01 07:28:33 --> Session: Class initialized using 'CodeIgniter\Session\Handlers\FileHandler' driver.
INFO - 2023-10-01 07:28:54 --> Session: Class initialized using 'CodeIgniter\Session\Handlers\FileHandler' driver.
INFO - 2023-10-01 07:28:57 --> Session: Class initialized using 'CodeIgniter\Session\Handlers\FileHandler' driver.
INFO - 2023-10-01 07:29:31 --> Session: Class initialized using 'CodeIgniter\Session\Handlers\FileHandler' driver.
INFO - 2023-10-01 07:29:44 --> Session: Class initialized using 'CodeIgniter\Session\Handlers\FileHandler' driver.
INFO - 2023-10-01 07:29:48 --> Session: Class initialized using 'CodeIgniter\Session\Handlers\FileHandler' driver.
INFO - 2023-10-01 07:30:08 --> Session: Class initialized using 'CodeIgniter\Session\Handlers\FileHandler' driver.
INFO - 2023-10-01 07:30:15 --> Session: Class initialized using 'CodeIgniter\Session\Handlers\FileHandler' driver.
INFO - 2023-10-01 07:30:15 --> Session: Class initialized using 'CodeIgniter\Session\Handlers\FileHandler' driver.
INFO - 2023-10-01 07:30:18 --> Session: Class initialized using 'CodeIgniter\Session\Handlers\FileHandler' driver.
INFO - 2023-10-01 07:30:22 --> Session: Class initialized using 'CodeIgniter\Session\Handlers\FileHandler' driver.
INFO - 2023-10-01 07:30:23 --> Session: Class initialized using 'CodeIgniter\Session\Handlers\FileHandler' driver.
INFO - 2023-10-01 07:30:27 --> Session: Class initialized using 'CodeIgniter\Session\Handlers\FileHandler' driver.
INFO - 2023-10-01 07:30:27 --> Session: Class initialized using 'CodeIgniter\Session\Handlers\FileHandler' driver.
INFO - 2023-10-01 07:45:57 --> Session: Class initialized using 'CodeIgniter\Session\Handlers\FileHandler' driver.
INFO - 2023-10-01 07:46:00 --> Session: Class initialized using 'CodeIgniter\Session\Handlers\FileHandler' driver.
INFO - 2023-10-01 07:46:00 --> Session: Class initialized using 'CodeIgniter\Session\Handlers\FileHandler' driver.
INFO - 2023-10-01 07:46:06 --> Session: Class initialized using 'CodeIgniter\Session\Handlers\FileHandler' driver.
INFO - 2023-10-01 07:46:07 --> Session: Class initialized using 'CodeIgniter\Session\Handlers\FileHandler' driver.
INFO - 2023-10-01 08:53:58 --> Session: Class initialized using 'CodeIgniter\Session\Handlers\FileHandler' driver.
INFO - 2023-10-01 08:53:59 --> Session: Class initialized using 'CodeIgniter\Session\Handlers\FileHandler' driver.
INFO - 2023-10-01 10:02:10 --> Session: Class initialized using 'CodeIgniter\Session\Handlers\FileHandler' driver.
INFO - 2023-10-01 10:02:12 --> Session: Class initialized using 'CodeIgniter\Session\Handlers\FileHandler' driver.
INFO - 2023-10-01 10:02:16 --> Session: Class initialized using 'CodeIgniter\Session\Handlers\FileHandler' driver.
INFO - 2023-10-01 10:02:16 --> Session: Class initialized using 'CodeIgniter\Session\Handlers\FileHandler' driver.
INFO - 2023-10-01 10:02:49 --> Session: Class initialized using 'CodeIgniter\Session\Handlers\FileHandler' driver.
INFO - 2023-10-01 10:02:49 --> Session: Class initialized using 'CodeIgniter\Session\Handlers\FileHandler' driver.
INFO - 2023-10-01 10:10:47 --> Session: Class initialized using 'CodeIgniter\Session\Handlers\FileHandler' driver.
INFO - 2023-10-01 10:10:47 --> Session: Class initialized using 'CodeIgniter\Session\Handlers\FileHandler' driver.
INFO - 2023-10-01 10:11:43 --> Session: Class initialized using 'CodeIgniter\Session\Handlers\FileHandler' driver.
CRITICAL - 2023-10-01 10:11:43 --> Trying to access array offset on value of type null
in APPPATH\Views\kampus\v_form.php on line 2.
 1 APPPATH\Views\kampus\v_form.php(2): CodeIgniter\Debug\Exceptions->errorHandler(8, 'Trying to access array offset on value of type null', 'C:\\xampp\\htdocs\\halodos\\app\\Views\\kampus\\v_form.php', 2, [...])
 2 SYSTEMPATH\View\View.php(224): include('C:\\xampp\\htdocs\\halodos\\app\\Views\\kampus\\v_form.php')
 3 SYSTEMPATH\View\View.php(227): CodeIgniter\View\View->CodeIgniter\View\{closure}()
 4 SYSTEMPATH\Common.php(1180): CodeIgniter\View\View->render('kampus/v_form', [], true)
 5 APPPATH\Controllers\Administrator\Kampus.php(53): view('kampus/v_form', [...])
 6 SYSTEMPATH\CodeIgniter.php(932): App\Controllers\Administrator\Kampus->forms('master')
 7 SYSTEMPATH\CodeIgniter.php(497): CodeIgniter\CodeIgniter->runController(Object(App\Controllers\Administrator\Kampus))
 8 SYSTEMPATH\CodeIgniter.php(366): CodeIgniter\CodeIgniter->handleRequest(null, Object(Config\Cache), false)
 9 FCPATH\index.php(67): CodeIgniter\CodeIgniter->run()
INFO - 2023-10-01 10:13:10 --> Session: Class initialized using 'CodeIgniter\Session\Handlers\FileHandler' driver.
INFO - 2023-10-01 10:13:10 --> Session: Class initialized using 'CodeIgniter\Session\Handlers\FileHandler' driver.
INFO - 2023-10-01 10:13:11 --> Session: Class initialized using 'CodeIgniter\Session\Handlers\FileHandler' driver.
INFO - 2023-10-01 10:13:15 --> Session: Class initialized using 'CodeIgniter\Session\Handlers\FileHandler' driver.
INFO - 2023-10-01 10:13:17 --> Session: Class initialized using 'CodeIgniter\Session\Handlers\FileHandler' driver.
INFO - 2023-10-01 10:13:19 --> Session: Class initialized using 'CodeIgniter\Session\Handlers\FileHandler' driver.
INFO - 2023-10-01 10:13:20 --> Session: Class initialized using 'CodeIgniter\Session\Handlers\FileHandler' driver.
INFO - 2023-10-01 10:13:22 --> Session: Class initialized using 'CodeIgniter\Session\Handlers\FileHandler' driver.
INFO - 2023-10-01 10:14:01 --> Session: Class initialized using 'CodeIgniter\Session\Handlers\FileHandler' driver.
INFO - 2023-10-01 10:53:03 --> Session: Class initialized using 'CodeIgniter\Session\Handlers\FileHandler' driver.
INFO - 2023-10-01 10:53:05 --> Session: Class initialized using 'CodeIgniter\Session\Handlers\FileHandler' driver.
INFO - 2023-10-01 10:53:21 --> Session: Class initialized using 'CodeIgniter\Session\Handlers\FileHandler' driver.
INFO - 2023-10-01 10:53:27 --> Session: Class initialized using 'CodeIgniter\Session\Handlers\FileHandler' driver.
INFO - 2023-10-01 10:53:31 --> Session: Class initialized using 'CodeIgniter\Session\Handlers\FileHandler' driver.
INFO - 2023-10-01 10:53:50 --> Session: Class initialized using 'CodeIgniter\Session\Handlers\FileHandler' driver.
INFO - 2023-10-01 11:12:34 --> Session: Class initialized using 'CodeIgniter\Session\Handlers\FileHandler' driver.
INFO - 2023-10-01 11:14:13 --> Session: Class initialized using 'CodeIgniter\Session\Handlers\FileHandler' driver.
INFO - 2023-10-01 11:14:15 --> Session: Class initialized using 'CodeIgniter\Session\Handlers\FileHandler' driver.
INFO - 2023-10-01 11:16:16 --> Session: Class initialized using 'CodeIgniter\Session\Handlers\FileHandler' driver.
INFO - 2023-10-01 11:16:20 --> Session: Class initialized using 'CodeIgniter\Session\Handlers\FileHandler' driver.
INFO - 2023-10-01 11:16:22 --> Session: Class initialized using 'CodeIgniter\Session\Handlers\FileHandler' driver.
INFO - 2023-10-01 11:16:58 --> Session: Class initialized using 'CodeIgniter\Session\Handlers\FileHandler' driver.
ERROR - 2023-10-01 11:16:58 --> mysqli_sql_exception: Column 'topicname' cannot be null in C:\xampp\htdocs\halodos\system\Database\MySQLi\Connection.php:295
Stack trace:
#0 C:\xampp\htdocs\halodos\system\Database\MySQLi\Connection.php(295): mysqli->query('INSERT INTO `ms...', 0)
#1 C:\xampp\htdocs\halodos\system\Database\BaseConnection.php(692): CodeIgniter\Database\MySQLi\Connection->execute('INSERT INTO `ms...')
#2 C:\xampp\htdocs\halodos\system\Database\BaseConnection.php(606): CodeIgniter\Database\BaseConnection->simpleQuery('INSERT INTO `ms...')
#3 C:\xampp\htdocs\halodos\system\Database\BaseBuilder.php(2309): CodeIgniter\Database\BaseConnection->query('INSERT INTO `ms...', Array, false)
#4 C:\xampp\htdocs\halodos\app\Models\Mstopic.php(56): CodeIgniter\Database\BaseBuilder->insert(Array)
#5 C:\xampp\htdocs\halodos\app\Controllers\Administrator\Topic.php(95): App\Models\Mstopic->store(Array)
#6 C:\xampp\htdocs\halodos\system\CodeIgniter.php(932): App\Controllers\Administrator\Topic->addData()
#7 C:\xampp\htdocs\halodos\system\CodeIgniter.php(497): CodeIgniter\CodeIgniter->runController(Object(App\Controllers\Administrator\Topic))
#8 C:\xampp\htdocs\halodos\system\CodeIgniter.php(366): CodeIgniter\CodeIgniter->handleRequest(NULL, Object(Config\Cache), false)
#9 C:\xampp\htdocs\halodos\index.php(67): CodeIgniter\CodeIgniter->run()
#10 {main}
CRITICAL - 2023-10-01 11:16:58 --> Column 'topicname' cannot be null
in SYSTEMPATH\Database\MySQLi\Connection.php on line 295.
 1 SYSTEMPATH\Database\MySQLi\Connection.php(295): mysqli->query('INSERT INTO `mstopic` (`topicname`, `createdby`, `updatedby`, `createddate`, `updateddate`, `kampusid`, `prodiid`) VALUES (NULL, 1, 1, \'2023-10-01 11:16:58\', \'2023-10-01 11:16:58\', \'1\', \'1\')', 0)
 2 SYSTEMPATH\Database\BaseConnection.php(692): CodeIgniter\Database\MySQLi\Connection->execute('INSERT INTO `mstopic` (`topicname`, `createdby`, `updatedby`, `createddate`, `updateddate`, `kampusid`, `prodiid`) VALUES (NULL, 1, 1, \'2023-10-01 11:16:58\', \'2023-10-01 11:16:58\', \'1\', \'1\')')
 3 SYSTEMPATH\Database\BaseConnection.php(606): CodeIgniter\Database\BaseConnection->simpleQuery('INSERT INTO `mstopic` (`topicname`, `createdby`, `updatedby`, `createddate`, `updateddate`, `kampusid`, `prodiid`) VALUES (NULL, 1, 1, \'2023-10-01 11:16:58\', \'2023-10-01 11:16:58\', \'1\', \'1\')')
 4 SYSTEMPATH\Database\BaseBuilder.php(2309): CodeIgniter\Database\BaseConnection->query('INSERT INTO `mstopic` (`topicname`, `createdby`, `updatedby`, `createddate`, `updateddate`, `kampusid`, `prodiid`) VALUES (:topicname:, :createdby:, :updatedby:, :createddate:, :updateddate:, :kampusid:, :prodiid:)', [...], false)
 5 APPPATH\Models\Mstopic.php(56): CodeIgniter\Database\BaseBuilder->insert([...])
 6 APPPATH\Controllers\Administrator\Topic.php(95): App\Models\Mstopic->store([...])
 7 SYSTEMPATH\CodeIgniter.php(932): App\Controllers\Administrator\Topic->addData()
 8 SYSTEMPATH\CodeIgniter.php(497): CodeIgniter\CodeIgniter->runController(Object(App\Controllers\Administrator\Topic))
 9 SYSTEMPATH\CodeIgniter.php(366): CodeIgniter\CodeIgniter->handleRequest(null, Object(Config\Cache), false)
10 FCPATH\index.php(67): CodeIgniter\CodeIgniter->run()
INFO - 2023-10-01 11:17:38 --> Session: Class initialized using 'CodeIgniter\Session\Handlers\FileHandler' driver.
INFO - 2023-10-01 11:17:48 --> Session: Class initialized using 'CodeIgniter\Session\Handlers\FileHandler' driver.
INFO - 2023-10-01 11:17:50 --> Session: Class initialized using 'CodeIgniter\Session\Handlers\FileHandler' driver.
INFO - 2023-10-01 11:17:52 --> Session: Class initialized using 'CodeIgniter\Session\Handlers\FileHandler' driver.
INFO - 2023-10-01 11:17:53 --> Session: Class initialized using 'CodeIgniter\Session\Handlers\FileHandler' driver.
INFO - 2023-10-01 11:17:55 --> Session: Class initialized using 'CodeIgniter\Session\Handlers\FileHandler' driver.
INFO - 2023-10-01 11:17:56 --> Session: Class initialized using 'CodeIgniter\Session\Handlers\FileHandler' driver.
CRITICAL - 2023-10-01 11:17:57 --> A non-numeric value encountered
in APPPATH\Controllers\Administrator\Topic.php on line 153.
 1 APPPATH\Controllers\Administrator\Topic.php(153): CodeIgniter\Debug\Exceptions->errorHandler(2, 'A non-numeric value encountered', 'C:\\xampp\\htdocs\\halodos\\app\\Controllers\\Administrator\\Topic.php', 153, [...])
 2 SYSTEMPATH\CodeIgniter.php(932): App\Controllers\Administrator\Topic->getMaster()
 3 SYSTEMPATH\CodeIgniter.php(497): CodeIgniter\CodeIgniter->runController(Object(App\Controllers\Administrator\Topic))
 4 SYSTEMPATH\CodeIgniter.php(366): CodeIgniter\CodeIgniter->handleRequest(null, Object(Config\Cache), false)
 5 FCPATH\index.php(67): CodeIgniter\CodeIgniter->run()
INFO - 2023-10-01 11:18:35 --> Session: Class initialized using 'CodeIgniter\Session\Handlers\FileHandler' driver.
CRITICAL - 2023-10-01 11:18:35 --> Undefined index: id
in APPPATH\Controllers\Administrator\Topic.php on line 155.
 1 APPPATH\Controllers\Administrator\Topic.php(155): CodeIgniter\Debug\Exceptions->errorHandler(8, 'Undefined index: id', 'C:\\xampp\\htdocs\\halodos\\app\\Controllers\\Administrator\\Topic.php', 155, [...])
 2 SYSTEMPATH\CodeIgniter.php(932): App\Controllers\Administrator\Topic->getMaster()
 3 SYSTEMPATH\CodeIgniter.php(497): CodeIgniter\CodeIgniter->runController(Object(App\Controllers\Administrator\Topic))
 4 SYSTEMPATH\CodeIgniter.php(366): CodeIgniter\CodeIgniter->handleRequest(null, Object(Config\Cache), false)
 5 FCPATH\index.php(67): CodeIgniter\CodeIgniter->run()
INFO - 2023-10-01 11:18:46 --> Session: Class initialized using 'CodeIgniter\Session\Handlers\FileHandler' driver.
INFO - 2023-10-01 11:18:54 --> Session: Class initialized using 'CodeIgniter\Session\Handlers\FileHandler' driver.
ERROR - 2023-10-01 11:18:54 --> mysqli_sql_exception: Unknown column 't.id' in 'where clause' in C:\xampp\htdocs\halodos\system\Database\MySQLi\Connection.php:295
Stack trace:
#0 C:\xampp\htdocs\halodos\system\Database\MySQLi\Connection.php(295): mysqli->query('SELECT `t`.`top...', 0)
#1 C:\xampp\htdocs\halodos\system\Database\BaseConnection.php(692): CodeIgniter\Database\MySQLi\Connection->execute('SELECT `t`.`top...')
#2 C:\xampp\htdocs\halodos\system\Database\BaseConnection.php(606): CodeIgniter\Database\BaseConnection->simpleQuery('SELECT `t`.`top...')
#3 C:\xampp\htdocs\halodos\system\Database\BaseBuilder.php(1616): CodeIgniter\Database\BaseConnection->query('SELECT `t`.`top...', Array, false)
#4 C:\xampp\htdocs\halodos\app\Models\Mstopic.php(51): CodeIgniter\Database\BaseBuilder->get()
#5 C:\xampp\htdocs\halodos\app\Controllers\Administrator\Topic.php(88): App\Models\Mstopic->getOne('1')
#6 C:\xampp\htdocs\halodos\system\CodeIgniter.php(932): App\Controllers\Administrator\Topic->addData()
#7 C:\xampp\htdocs\halodos\system\CodeIgniter.php(497): CodeIgniter\CodeIgniter->runController(Object(App\Controllers\Administrator\Topic))
#8 C:\xampp\htdocs\halodos\system\CodeIgniter.php(366): CodeIgniter\CodeIgniter->handleRequest(NULL, Object(Config\Cache), false)
#9 C:\xampp\htdocs\halodos\index.php(67): CodeIgniter\CodeIgniter->run()
#10 {main}
CRITICAL - 2023-10-01 11:18:54 --> Unknown column 't.id' in 'where clause'
in SYSTEMPATH\Database\MySQLi\Connection.php on line 295.
 1 SYSTEMPATH\Database\MySQLi\Connection.php(295): mysqli->query('SELECT `t`.`topicid`, `t`.`topicname`, `tm`.`topicid` as `masterid`, `tm`.`topicname` as `mastername`, `k`.`kampusname`, `k`.`kampusid`, `p`.`prodiname`, `p`.`prodiid`
FROM `mstopic` `t`
LEFT JOIN `mstopic` `tm` ON `tm`.`topicid`=`t`.`topicid`
JOIN `mskampus` `k` ON `k`.`kampusid`=`t`.`kampusid`
JOIN `msprodi` `p` ON `p`.`kampusid`=`t`.`prodiid`
WHERE `t`.`id` = \'1\'', 0)
 2 SYSTEMPATH\Database\BaseConnection.php(692): CodeIgniter\Database\MySQLi\Connection->execute('SELECT `t`.`topicid`, `t`.`topicname`, `tm`.`topicid` as `masterid`, `tm`.`topicname` as `mastername`, `k`.`kampusname`, `k`.`kampusid`, `p`.`prodiname`, `p`.`prodiid`
FROM `mstopic` `t`
LEFT JOIN `mstopic` `tm` ON `tm`.`topicid`=`t`.`topicid`
JOIN `mskampus` `k` ON `k`.`kampusid`=`t`.`kampusid`
JOIN `msprodi` `p` ON `p`.`kampusid`=`t`.`prodiid`
WHERE `t`.`id` = \'1\'')
 3 SYSTEMPATH\Database\BaseConnection.php(606): CodeIgniter\Database\BaseConnection->simpleQuery('SELECT `t`.`topicid`, `t`.`topicname`, `tm`.`topicid` as `masterid`, `tm`.`topicname` as `mastername`, `k`.`kampusname`, `k`.`kampusid`, `p`.`prodiname`, `p`.`prodiid`
FROM `mstopic` `t`
LEFT JOIN `mstopic` `tm` ON `tm`.`topicid`=`t`.`topicid`
JOIN `mskampus` `k` ON `k`.`kampusid`=`t`.`kampusid`
JOIN `msprodi` `p` ON `p`.`kampusid`=`t`.`prodiid`
WHERE `t`.`id` = \'1\'')
 4 SYSTEMPATH\Database\BaseBuilder.php(1616): CodeIgniter\Database\BaseConnection->query('SELECT `t`.`topicid`, `t`.`topicname`, `tm`.`topicid` as `masterid`, `tm`.`topicname` as `mastername`, `k`.`kampusname`, `k`.`kampusid`, `p`.`prodiname`, `p`.`prodiid`
FROM `mstopic` `t`
LEFT JOIN `mstopic` `tm` ON `tm`.`topicid`=`t`.`topicid`
JOIN `mskampus` `k` ON `k`.`kampusid`=`t`.`kampusid`
JOIN `msprodi` `p` ON `p`.`kampusid`=`t`.`prodiid`
WHERE `t`.`id` = :t.id:', [...], false)
 5 APPPATH\Models\Mstopic.php(51): CodeIgniter\Database\BaseBuilder->get()
 6 APPPATH\Controllers\Administrator\Topic.php(88): App\Models\Mstopic->getOne('1')
 7 SYSTEMPATH\CodeIgniter.php(932): App\Controllers\Administrator\Topic->addData()
 8 SYSTEMPATH\CodeIgniter.php(497): CodeIgniter\CodeIgniter->runController(Object(App\Controllers\Administrator\Topic))
 9 SYSTEMPATH\CodeIgniter.php(366): CodeIgniter\CodeIgniter->handleRequest(null, Object(Config\Cache), false)
10 FCPATH\index.php(67): CodeIgniter\CodeIgniter->run()
INFO - 2023-10-01 11:18:57 --> Session: Class initialized using 'CodeIgniter\Session\Handlers\FileHandler' driver.
ERROR - 2023-10-01 11:18:57 --> mysqli_sql_exception: Unknown column 't.id' in 'where clause' in C:\xampp\htdocs\halodos\system\Database\MySQLi\Connection.php:295
Stack trace:
#0 C:\xampp\htdocs\halodos\system\Database\MySQLi\Connection.php(295): mysqli->query('SELECT `t`.`top...', 0)
#1 C:\xampp\htdocs\halodos\system\Database\BaseConnection.php(692): CodeIgniter\Database\MySQLi\Connection->execute('SELECT `t`.`top...')
#2 C:\xampp\htdocs\halodos\system\Database\BaseConnection.php(606): CodeIgniter\Database\BaseConnection->simpleQuery('SELECT `t`.`top...')
#3 C:\xampp\htdocs\halodos\system\Database\BaseBuilder.php(1616): CodeIgniter\Database\BaseConnection->query('SELECT `t`.`top...', Array, false)
#4 C:\xampp\htdocs\halodos\app\Models\Mstopic.php(51): CodeIgniter\Database\BaseBuilder->get()
#5 C:\xampp\htdocs\halodos\app\Controllers\Administrator\Topic.php(88): App\Models\Mstopic->getOne('1')
#6 C:\xampp\htdocs\halodos\system\CodeIgniter.php(932): App\Controllers\Administrator\Topic->addData()
#7 C:\xampp\htdocs\halodos\system\CodeIgniter.php(497): CodeIgniter\CodeIgniter->runController(Object(App\Controllers\Administrator\Topic))
#8 C:\xampp\htdocs\halodos\system\CodeIgniter.php(366): CodeIgniter\CodeIgniter->handleRequest(NULL, Object(Config\Cache), false)
#9 C:\xampp\htdocs\halodos\index.php(67): CodeIgniter\CodeIgniter->run()
#10 {main}
CRITICAL - 2023-10-01 11:18:57 --> Unknown column 't.id' in 'where clause'
in SYSTEMPATH\Database\MySQLi\Connection.php on line 295.
 1 SYSTEMPATH\Database\MySQLi\Connection.php(295): mysqli->query('SELECT `t`.`topicid`, `t`.`topicname`, `tm`.`topicid` as `masterid`, `tm`.`topicname` as `mastername`, `k`.`kampusname`, `k`.`kampusid`, `p`.`prodiname`, `p`.`prodiid`
FROM `mstopic` `t`
LEFT JOIN `mstopic` `tm` ON `tm`.`topicid`=`t`.`topicid`
JOIN `mskampus` `k` ON `k`.`kampusid`=`t`.`kampusid`
JOIN `msprodi` `p` ON `p`.`kampusid`=`t`.`prodiid`
WHERE `t`.`id` = \'1\'', 0)
 2 SYSTEMPATH\Database\BaseConnection.php(692): CodeIgniter\Database\MySQLi\Connection->execute('SELECT `t`.`topicid`, `t`.`topicname`, `tm`.`topicid` as `masterid`, `tm`.`topicname` as `mastername`, `k`.`kampusname`, `k`.`kampusid`, `p`.`prodiname`, `p`.`prodiid`
FROM `mstopic` `t`
LEFT JOIN `mstopic` `tm` ON `tm`.`topicid`=`t`.`topicid`
JOIN `mskampus` `k` ON `k`.`kampusid`=`t`.`kampusid`
JOIN `msprodi` `p` ON `p`.`kampusid`=`t`.`prodiid`
WHERE `t`.`id` = \'1\'')
 3 SYSTEMPATH\Database\BaseConnection.php(606): CodeIgniter\Database\BaseConnection->simpleQuery('SELECT `t`.`topicid`, `t`.`topicname`, `tm`.`topicid` as `masterid`, `tm`.`topicname` as `mastername`, `k`.`kampusname`, `k`.`kampusid`, `p`.`prodiname`, `p`.`prodiid`
FROM `mstopic` `t`
LEFT JOIN `mstopic` `tm` ON `tm`.`topicid`=`t`.`topicid`
JOIN `mskampus` `k` ON `k`.`kampusid`=`t`.`kampusid`
JOIN `msprodi` `p` ON `p`.`kampusid`=`t`.`prodiid`
WHERE `t`.`id` = \'1\'')
 4 SYSTEMPATH\Database\BaseBuilder.php(1616): CodeIgniter\Database\BaseConnection->query('SELECT `t`.`topicid`, `t`.`topicname`, `tm`.`topicid` as `masterid`, `tm`.`topicname` as `mastername`, `k`.`kampusname`, `k`.`kampusid`, `p`.`prodiname`, `p`.`prodiid`
FROM `mstopic` `t`
LEFT JOIN `mstopic` `tm` ON `tm`.`topicid`=`t`.`topicid`
JOIN `mskampus` `k` ON `k`.`kampusid`=`t`.`kampusid`
JOIN `msprodi` `p` ON `p`.`kampusid`=`t`.`prodiid`
WHERE `t`.`id` = :t.id:', [...], false)
 5 APPPATH\Models\Mstopic.php(51): CodeIgniter\Database\BaseBuilder->get()
 6 APPPATH\Controllers\Administrator\Topic.php(88): App\Models\Mstopic->getOne('1')
 7 SYSTEMPATH\CodeIgniter.php(932): App\Controllers\Administrator\Topic->addData()
 8 SYSTEMPATH\CodeIgniter.php(497): CodeIgniter\CodeIgniter->runController(Object(App\Controllers\Administrator\Topic))
 9 SYSTEMPATH\CodeIgniter.php(366): CodeIgniter\CodeIgniter->handleRequest(null, Object(Config\Cache), false)
10 FCPATH\index.php(67): CodeIgniter\CodeIgniter->run()
INFO - 2023-10-01 11:19:18 --> Session: Class initialized using 'CodeIgniter\Session\Handlers\FileHandler' driver.
INFO - 2023-10-01 11:19:19 --> Session: Class initialized using 'CodeIgniter\Session\Handlers\FileHandler' driver.
INFO - 2023-10-01 11:19:48 --> Session: Class initialized using 'CodeIgniter\Session\Handlers\FileHandler' driver.
INFO - 2023-10-01 11:19:49 --> Session: Class initialized using 'CodeIgniter\Session\Handlers\FileHandler' driver.
INFO - 2023-10-01 11:20:03 --> Session: Class initialized using 'CodeIgniter\Session\Handlers\FileHandler' driver.
CRITICAL - 2023-10-01 11:20:03 --> Undefined index: id
in APPPATH\Views\topic\v_form.php on line 4.
 1 APPPATH\Views\topic\v_form.php(4): CodeIgniter\Debug\Exceptions->errorHandler(8, 'Undefined index: id', 'C:\\xampp\\htdocs\\halodos\\app\\Views\\topic\\v_form.php', 4, [...])
 2 SYSTEMPATH\View\View.php(224): include('C:\\xampp\\htdocs\\halodos\\app\\Views\\topic\\v_form.php')
 3 SYSTEMPATH\View\View.php(227): CodeIgniter\View\View->CodeIgniter\View\{closure}()
 4 SYSTEMPATH\Common.php(1180): CodeIgniter\View\View->render('topic/v_form', [], true)
 5 APPPATH\Controllers\Administrator\Topic.php(65): view('topic/v_form', [...])
 6 SYSTEMPATH\CodeIgniter.php(932): App\Controllers\Administrator\Topic->forms('master', '1')
 7 SYSTEMPATH\CodeIgniter.php(497): CodeIgniter\CodeIgniter->runController(Object(App\Controllers\Administrator\Topic))
 8 SYSTEMPATH\CodeIgniter.php(366): CodeIgniter\CodeIgniter->handleRequest(null, Object(Config\Cache), false)
 9 FCPATH\index.php(67): CodeIgniter\CodeIgniter->run()
INFO - 2023-10-01 11:20:42 --> Session: Class initialized using 'CodeIgniter\Session\Handlers\FileHandler' driver.
INFO - 2023-10-01 11:20:49 --> Session: Class initialized using 'CodeIgniter\Session\Handlers\FileHandler' driver.
INFO - 2023-10-01 11:20:49 --> Session: Class initialized using 'CodeIgniter\Session\Handlers\FileHandler' driver.
INFO - 2023-10-01 11:20:51 --> Session: Class initialized using 'CodeIgniter\Session\Handlers\FileHandler' driver.
INFO - 2023-10-01 11:20:57 --> Session: Class initialized using 'CodeIgniter\Session\Handlers\FileHandler' driver.
INFO - 2023-10-01 11:20:57 --> Session: Class initialized using 'CodeIgniter\Session\Handlers\FileHandler' driver.
INFO - 2023-10-01 11:21:01 --> Session: Class initialized using 'CodeIgniter\Session\Handlers\FileHandler' driver.
INFO - 2023-10-01 11:21:01 --> Session: Class initialized using 'CodeIgniter\Session\Handlers\FileHandler' driver.
INFO - 2023-10-01 12:06:10 --> Session: Class initialized using 'CodeIgniter\Session\Handlers\FileHandler' driver.
INFO - 2023-10-01 12:06:10 --> Session: Class initialized using 'CodeIgniter\Session\Handlers\FileHandler' driver.
INFO - 2023-10-01 12:41:02 --> Session: Class initialized using 'CodeIgniter\Session\Handlers\FileHandler' driver.
INFO - 2023-10-01 12:41:26 --> Session: Class initialized using 'CodeIgniter\Session\Handlers\FileHandler' driver.
INFO - 2023-10-01 14:10:35 --> Session: Class initialized using 'CodeIgniter\Session\Handlers\FileHandler' driver.
INFO - 2023-10-01 14:10:39 --> Session: Class initialized using 'CodeIgniter\Session\Handlers\FileHandler' driver.
INFO - 2023-10-01 14:10:39 --> Session: Class initialized using 'CodeIgniter\Session\Handlers\FileHandler' driver.
INFO - 2023-10-01 14:11:15 --> Session: Class initialized using 'CodeIgniter\Session\Handlers\FileHandler' driver.
INFO - 2023-10-01 14:11:15 --> Session: Class initialized using 'CodeIgniter\Session\Handlers\FileHandler' driver.
INFO - 2023-10-01 17:56:17 --> Session: Class initialized using 'CodeIgniter\Session\Handlers\FileHandler' driver.
INFO - 2023-10-01 17:56:22 --> Session: Class initialized using 'CodeIgniter\Session\Handlers\FileHandler' driver.
INFO - 2023-10-01 18:02:56 --> Session: Class initialized using 'CodeIgniter\Session\Handlers\FileHandler' driver.
CRITICAL - 2023-10-01 18:02:56 --> syntax error, unexpected '}'
in APPPATH\Controllers\Login.php on line 27.
 1 SYSTEMPATH\Autoloader\Autoloader.php(289): CodeIgniter\Autoloader\Autoloader->includeFile('C:\\xampp\\htdocs\\halodos\\app\\Controllers\\Login.php')
 2 SYSTEMPATH\Autoloader\Autoloader.php(267): CodeIgniter\Autoloader\Autoloader->loadInNamespace('App\\Controllers\\Login')
 3 [internal function]: CodeIgniter\Autoloader\Autoloader->loadClass('App\\Controllers\\Login')
 4 [internal function]: spl_autoload_call('App\\Controllers\\Login')
 5 SYSTEMPATH\CodeIgniter.php(890): class_exists('\\App\\Controllers\\Login', true)
 6 SYSTEMPATH\CodeIgniter.php(484): CodeIgniter\CodeIgniter->startController()
 7 SYSTEMPATH\CodeIgniter.php(366): CodeIgniter\CodeIgniter->handleRequest(null, Object(Config\Cache), false)
 8 FCPATH\index.php(67): CodeIgniter\CodeIgniter->run()
INFO - 2023-10-01 18:03:04 --> Session: Class initialized using 'CodeIgniter\Session\Handlers\FileHandler' driver.
INFO - 2023-10-01 18:03:26 --> Session: Class initialized using 'CodeIgniter\Session\Handlers\FileHandler' driver.
INFO - 2023-10-01 18:04:11 --> Session: Class initialized using 'CodeIgniter\Session\Handlers\FileHandler' driver.
INFO - 2023-10-01 18:22:50 --> Session: Class initialized using 'CodeIgniter\Session\Handlers\FileHandler' driver.
INFO - 2023-10-01 18:33:33 --> Session: Class initialized using 'CodeIgniter\Session\Handlers\FileHandler' driver.
INFO - 2023-10-01 18:35:12 --> Session: Class initialized using 'CodeIgniter\Session\Handlers\FileHandler' driver.
INFO - 2023-10-01 18:35:45 --> Session: Class initialized using 'CodeIgniter\Session\Handlers\FileHandler' driver.
INFO - 2023-10-01 18:36:44 --> Session: Class initialized using 'CodeIgniter\Session\Handlers\FileHandler' driver.
INFO - 2023-10-01 18:36:49 --> Session: Class initialized using 'CodeIgniter\Session\Handlers\FileHandler' driver.
INFO - 2023-10-01 18:37:15 --> Session: Class initialized using 'CodeIgniter\Session\Handlers\FileHandler' driver.
INFO - 2023-10-01 18:37:20 --> Session: Class initialized using 'CodeIgniter\Session\Handlers\FileHandler' driver.
INFO - 2023-10-01 18:37:20 --> Session: Class initialized using 'CodeIgniter\Session\Handlers\FileHandler' driver.
INFO - 2023-10-01 18:37:21 --> Session: Class initialized using 'CodeIgniter\Session\Handlers\FileHandler' driver.
INFO - 2023-10-01 18:37:31 --> Session: Class initialized using 'CodeIgniter\Session\Handlers\FileHandler' driver.
INFO - 2023-10-01 18:37:36 --> Session: Class initialized using 'CodeIgniter\Session\Handlers\FileHandler' driver.
INFO - 2023-10-01 18:37:37 --> Session: Class initialized using 'CodeIgniter\Session\Handlers\FileHandler' driver.
