CRITICAL - 2023-10-15 13:37:50 --> count(): Parameter must be an array or an object that implements Countable
in APPPATH/Views/v_dashboard.php on line 6.
 1 APPPATH/Views/v_dashboard.php(6): CodeIgniter\Debug\Exceptions->errorHandler(2, 'count(): Parameter must be an array or an object that implements Countable', '/home/hala2884/public_html/app/Views/v_dashboard.php', 6, [...])
 2 SYSTEMPATH/View/View.php(224): include('/home/hala2884/public_html/app/Views/v_dashboard.php')
 3 SYSTEMPATH/View/View.php(227): CodeIgniter\View\View->CodeIgniter\View\{closure}()
 4 SYSTEMPATH/Common.php(1180): CodeIgniter\View\View->render('v_dashboard', [], true)
 5 APPPATH/Controllers/Dashboard.php(12): view('v_dashboard', [...])
 6 SYSTEMPATH/CodeIgniter.php(932): App\Controllers\Dashboard->index()
 7 SYSTEMPATH/CodeIgniter.php(497): CodeIgniter\CodeIgniter->runController(Object(App\Controllers\Dashboard))
 8 SYSTEMPATH/CodeIgniter.php(366): CodeIgniter\CodeIgniter->handleRequest(null, Object(Config\Cache), false)
 9 FCPATH/index.php(67): CodeIgniter\CodeIgniter->run()
CRITICAL - 2023-10-15 15:35:58 --> count(): Parameter must be an array or an object that implements Countable
in APPPATH/Views/v_dashboard.php on line 6.
 1 APPPATH/Views/v_dashboard.php(6): CodeIgniter\Debug\Exceptions->errorHandler(2, 'count(): Parameter must be an array or an object that implements Countable', '/home/hala2884/public_html/app/Views/v_dashboard.php', 6, [...])
 2 SYSTEMPATH/View/View.php(224): include('/home/hala2884/public_html/app/Views/v_dashboard.php')
 3 SYSTEMPATH/View/View.php(227): CodeIgniter\View\View->CodeIgniter\View\{closure}()
 4 SYSTEMPATH/Common.php(1180): CodeIgniter\View\View->render('v_dashboard', [], true)
 5 APPPATH/Controllers/Dashboard.php(12): view('v_dashboard', [...])
 6 SYSTEMPATH/CodeIgniter.php(932): App\Controllers\Dashboard->index()
 7 SYSTEMPATH/CodeIgniter.php(497): CodeIgniter\CodeIgniter->runController(Object(App\Controllers\Dashboard))
 8 SYSTEMPATH/CodeIgniter.php(366): CodeIgniter\CodeIgniter->handleRequest(null, Object(Config\Cache), false)
 9 FCPATH/index.php(67): CodeIgniter\CodeIgniter->run()
CRITICAL - 2023-10-15 15:36:00 --> count(): Parameter must be an array or an object that implements Countable
in APPPATH/Views/v_dashboard.php on line 6.
 1 APPPATH/Views/v_dashboard.php(6): CodeIgniter\Debug\Exceptions->errorHandler(2, 'count(): Parameter must be an array or an object that implements Countable', '/home/hala2884/public_html/app/Views/v_dashboard.php', 6, [...])
 2 SYSTEMPATH/View/View.php(224): include('/home/hala2884/public_html/app/Views/v_dashboard.php')
 3 SYSTEMPATH/View/View.php(227): CodeIgniter\View\View->CodeIgniter\View\{closure}()
 4 SYSTEMPATH/Common.php(1180): CodeIgniter\View\View->render('v_dashboard', [], true)
 5 APPPATH/Controllers/Dashboard.php(12): view('v_dashboard', [...])
 6 SYSTEMPATH/CodeIgniter.php(932): App\Controllers\Dashboard->index()
 7 SYSTEMPATH/CodeIgniter.php(497): CodeIgniter\CodeIgniter->runController(Object(App\Controllers\Dashboard))
 8 SYSTEMPATH/CodeIgniter.php(366): CodeIgniter\CodeIgniter->handleRequest(null, Object(Config\Cache), false)
 9 FCPATH/index.php(67): CodeIgniter\CodeIgniter->run()
